Server listening on port 8080
New connection: 4Z-b7fkMUHozsAwNAAAE
New connection: GazP7VgPWPuRpoUpAAAF
New connection: DQbkgXqjoqS9WXn9AAAG
New connection: n64dadHGWII2IzzeAAAH
New connection: YBirmNp4CM7zc6wMAAAJ
Disconnected: YBirmNp4CM7zc6wMAAAJ
New connection: F3ElCnNXTXglvoygAAAL
Disconnected: F3ElCnNXTXglvoygAAAL
New connection: xDyI2swq0htMwzB0AAAN
Disconnected: xDyI2swq0htMwzB0AAAN
New connection: CWeexpsZuTaalMb8AAAP
Disconnected: CWeexpsZuTaalMb8AAAP
New connection: 4a4i3VmFVuNWFlKAAAAR
Disconnected: 4a4i3VmFVuNWFlKAAAAR
New connection: H1lxys_wg-VEvRT1AAAT
Disconnected: H1lxys_wg-VEvRT1AAAT
New connection: 0BnotjMWJ1JfKqlVAAAV
New connection: tftk3iGbRL9TLTfbAAAX
New connection: s8LXqAdYGtpyu2pyAAAZ
Disconnected: 0BnotjMWJ1JfKqlVAAAV
Disconnected: tftk3iGbRL9TLTfbAAAX
Disconnected: s8LXqAdYGtpyu2pyAAAZ
New connection: fzBEheXqSo44i9ZiAAAb
New connection: dP080SIXBbNBU-w3AAAd
New connection: Ac4MIMlOQpKbEPKDAAAf
Disconnected: fzBEheXqSo44i9ZiAAAb
Disconnected: dP080SIXBbNBU-w3AAAd
Disconnected: Ac4MIMlOQpKbEPKDAAAf
New connection: 1PzouB9c-h9FIi0iAAAh
New connection: dRTr3qo2Ub9n_oCDAAAj
New connection: cSpJkdqhW07VNQaVAAAl
Disconnected: 1PzouB9c-h9FIi0iAAAh
Disconnected: dRTr3qo2Ub9n_oCDAAAj
Disconnected: cSpJkdqhW07VNQaVAAAl
New connection: kn_PysmlBsMrgIIYAAAn
New connection: SStMSte-qh6pJww_AAAp
New connection: oqVSlvTHv5sQn9A-AAAr
Disconnected: kn_PysmlBsMrgIIYAAAn
Disconnected: SStMSte-qh6pJww_AAAp
Disconnected: oqVSlvTHv5sQn9A-AAAr
New connection: iZgS7bbEiJ70O9lMAAAt
New connection: TCldOor-D_4VDm7zAAAv
New connection: h0gZDNlIOroS0qERAAAx
Disconnected: iZgS7bbEiJ70O9lMAAAt
Disconnected: TCldOor-D_4VDm7zAAAv
Disconnected: h0gZDNlIOroS0qERAAAx
New connection: RCq1SJdqpP3RXmXvAAAz
New connection: VchDQW0jkB5FLvXiAAA1
New connection: HhWGbQuD1JujClXCAAA3
Disconnected: RCq1SJdqpP3RXmXvAAAz
Disconnected: VchDQW0jkB5FLvXiAAA1
Disconnected: HhWGbQuD1JujClXCAAA3
New connection: kTvgm279SJiwfV4LAAA5
New connection: V6dA6VjoLLkHg1wAAAA7
New connection: Ghs1GwSl5LNLHstIAAA9
Disconnected: kTvgm279SJiwfV4LAAA5
Disconnected: V6dA6VjoLLkHg1wAAAA7
Disconnected: Ghs1GwSl5LNLHstIAAA9
New connection: 6MlkJvMQyWFAA7sjAAA_
New connection: dddCwG5GmQIQrSwoAABB
New connection: bryTE0UyY_7bKdcOAABD
Disconnected: 6MlkJvMQyWFAA7sjAAA_
Disconnected: dddCwG5GmQIQrSwoAABB
Disconnected: bryTE0UyY_7bKdcOAABD
New connection: XOt_4ANRJWYTjM4EAABF
New connection: 28AE7zt1K_5RPrUgAABH
New connection: dxkwyJQBxp4k5Ai0AABJ
New connection: ign7vbT96kmfJuCSAABL
New connection: zXLQgi6w-IRp4dq6AABN
New connection: QMOzWz3kH9uk3-uzAABP
New connection: qUCv5UZdi5rL5g7SAABR
New connection: kdkX3CxZ1Hp3bsZ2AABT
New connection: OY7jpzM0MOvLdYw4AABV
Disconnected: XOt_4ANRJWYTjM4EAABF
Disconnected: 28AE7zt1K_5RPrUgAABH
Disconnected: dxkwyJQBxp4k5Ai0AABJ
Disconnected: ign7vbT96kmfJuCSAABL
Disconnected: zXLQgi6w-IRp4dq6AABN
Disconnected: QMOzWz3kH9uk3-uzAABP
Disconnected: qUCv5UZdi5rL5g7SAABR
Disconnected: kdkX3CxZ1Hp3bsZ2AABT
Disconnected: OY7jpzM0MOvLdYw4AABV
New connection: 7JAfItJvyLSz1mM7AABX
New connection: 21OTJMXO6TyoBCM7AABZ
New connection: 8rTI0PZbB1AYcXCXAABb
Disconnected: 7JAfItJvyLSz1mM7AABX
Disconnected: 21OTJMXO6TyoBCM7AABZ
Disconnected: 8rTI0PZbB1AYcXCXAABb
New connection: 3_SY331O1311r4F4AABd
New connection: x4bw_KCYTAocIkGgAABf
New connection: e6q-XRUOqTb7ubo8AABh
New connection: 4CBTy1l1NoWxHXNRAABj
Disconnected: 3_SY331O1311r4F4AABd
Disconnected: x4bw_KCYTAocIkGgAABf
Disconnected: e6q-XRUOqTb7ubo8AABh
Disconnected: 4CBTy1l1NoWxHXNRAABj
New connection: mkmw1Ojj1vC2zbqZAABl
New connection: eIyXnC6yIgxtwY2bAABn
New connection: IUFgRaQRFjkmUcljAABp
New connection: EHqYhDYssv8YTYw5AABr
Disconnected: mkmw1Ojj1vC2zbqZAABl
Disconnected: eIyXnC6yIgxtwY2bAABn
Disconnected: IUFgRaQRFjkmUcljAABp
Disconnected: EHqYhDYssv8YTYw5AABr
New connection: 7CGUIuCTs5h5mMFBAABt
New connection: sBLJywrkqv7hqgvKAABv
New connection: 04Juu-BR_GiZ3uUNAABx
New connection: 4IysVKiAbbgJLnybAABz
Disconnected: 7CGUIuCTs5h5mMFBAABt
Disconnected: sBLJywrkqv7hqgvKAABv
Disconnected: 04Juu-BR_GiZ3uUNAABx
Disconnected: 4IysVKiAbbgJLnybAABz
New connection: lAVIC1S4DGEtnMj-AAB1
Disconnected: lAVIC1S4DGEtnMj-AAB1
New connection: T4H5sgaWWLhRt6uUAAB3
Disconnected: T4H5sgaWWLhRt6uUAAB3
New connection: Wl7cVfx2BlXTCl_lAAB5
Disconnected: Wl7cVfx2BlXTCl_lAAB5
New connection: VRSwMqN7npQBMCenAAB7
Disconnected: VRSwMqN7npQBMCenAAB7
New connection: Hntmy3wCXmBPrAWuAAB9
Disconnected: Hntmy3wCXmBPrAWuAAB9
New connection: 13QLSa5GnqBOarXMAAB_
Disconnected: 13QLSa5GnqBOarXMAAB_
New connection: _CkubZzN2sAw27pbAACB
New connection: IFcUhCfwgF2_CTAyAACD
New connection: QxvCSjSf9lCAHiJeAACF
Disconnected: _CkubZzN2sAw27pbAACB
Disconnected: IFcUhCfwgF2_CTAyAACD
Disconnected: QxvCSjSf9lCAHiJeAACF
New connection: SoUxOBM3tLdKCFTZAACH
New connection: Zc_T1dVN4Z2dV6MXAACJ
New connection: HarSSJysC99Ud-vjAACL
Disconnected: SoUxOBM3tLdKCFTZAACH
Disconnected: Zc_T1dVN4Z2dV6MXAACJ
Disconnected: HarSSJysC99Ud-vjAACL
New connection: lf65po942oPTl2UNAACN
New connection: R7egCESDjeNtZjSeAACP
New connection: hpnVxjrEeEJvMUnEAACR
Disconnected: lf65po942oPTl2UNAACN
Disconnected: R7egCESDjeNtZjSeAACP
Disconnected: hpnVxjrEeEJvMUnEAACR
New connection: KHVxCgAHjEHM8SAhAACT
New connection: -GpUvZu3OiwlVQNNAACV
New connection: ibYXF_gxeCbe9R6aAACX
Disconnected: KHVxCgAHjEHM8SAhAACT
Disconnected: -GpUvZu3OiwlVQNNAACV
Disconnected: ibYXF_gxeCbe9R6aAACX
New connection: KmtfrlgUEpkNueYIAACZ
New connection: akFhhmCOieUDv-w_AACb
New connection: CA4ejmpHZb3NexRBAACd
Disconnected: KmtfrlgUEpkNueYIAACZ
Disconnected: akFhhmCOieUDv-w_AACb
Disconnected: CA4ejmpHZb3NexRBAACd
New connection: IKpJA-Ejgu-etFNXAACf
New connection: OErxRVZRdTXkTEEXAACh
New connection: EBiqZ_QB44WdTXUDAACj
Disconnected: OErxRVZRdTXkTEEXAACh
Disconnected: IKpJA-Ejgu-etFNXAACf
Disconnected: EBiqZ_QB44WdTXUDAACj
New connection: C-OkFvTfHQ59tiOLAACl
New connection: 8nnU3n73IXaHJ7JUAACn
New connection: pS4XUa_l3KDUu3T0AACp
Disconnected: C-OkFvTfHQ59tiOLAACl
Disconnected: 8nnU3n73IXaHJ7JUAACn
Disconnected: pS4XUa_l3KDUu3T0AACp
New connection: YHn4ut6kwa7hmMxaAACr
New connection: Pd8Gn6GjnZlaChyzAACt
New connection: PRW6ft5P3bcLMQIrAACv
Disconnected: YHn4ut6kwa7hmMxaAACr
Disconnected: Pd8Gn6GjnZlaChyzAACt
Disconnected: PRW6ft5P3bcLMQIrAACv
New connection: J9QM9BaLKiU-rsnEAACx
New connection: Lk61muzFfwlosCUJAACz
New connection: 3yOPbyQOiejxWetMAAC1
New connection: xZRG9XOnHVuj5iPMAAC3
New connection: mkVXDp_Ta5iggCSLAAC5
New connection: 4Zq9R6slFvKAOeLfAAC7
New connection: 2KjMKi0OSwxZpTbHAAC9
New connection: -2Qe1VQtUsBEFkfNAAC_
New connection: ElDsky_RB3QdQz0cAADB
Disconnected: J9QM9BaLKiU-rsnEAACx
Disconnected: Lk61muzFfwlosCUJAACz
Disconnected: 3yOPbyQOiejxWetMAAC1
Disconnected: xZRG9XOnHVuj5iPMAAC3
Disconnected: mkVXDp_Ta5iggCSLAAC5
Disconnected: 4Zq9R6slFvKAOeLfAAC7
Disconnected: 2KjMKi0OSwxZpTbHAAC9
Disconnected: -2Qe1VQtUsBEFkfNAAC_
Disconnected: ElDsky_RB3QdQz0cAADB
New connection: LWvojGoe4qtjAl8HAADD
New connection: gaFfHaT4cqGRCBtbAADF
New connection: FLKqeeTUZzA0clbTAADH
Disconnected: LWvojGoe4qtjAl8HAADD
Disconnected: gaFfHaT4cqGRCBtbAADF
Disconnected: FLKqeeTUZzA0clbTAADH
New connection: BX0x030XM0f-ohtKAADJ
New connection: ALEOz1gaFxqu-ZNrAADL
New connection: xuGxCnwnDzaNbhuBAADN
New connection: XLDZiubexr-FcgIgAADP
Disconnected: BX0x030XM0f-ohtKAADJ
Disconnected: ALEOz1gaFxqu-ZNrAADL
Disconnected: xuGxCnwnDzaNbhuBAADN
Disconnected: XLDZiubexr-FcgIgAADP
New connection: Q3mBMyZSMucpkmszAADR
New connection: L-pzj7w3NCQLW8QDAADT
New connection: pTc1Sx3pf1orVnJPAADV
New connection: pGepSMoHT9_9swXxAADX
Disconnected: Q3mBMyZSMucpkmszAADR
Disconnected: L-pzj7w3NCQLW8QDAADT
Disconnected: pTc1Sx3pf1orVnJPAADV
Disconnected: pGepSMoHT9_9swXxAADX
New connection: hvJv0_aC4x0dz3GVAADZ
New connection: atThtECAwtaclmxwAADb
New connection: s2vziph9Ce5iZPsNAADd
New connection: _1Ck_z-1PfHY47HeAADf
Disconnected: hvJv0_aC4x0dz3GVAADZ
Disconnected: atThtECAwtaclmxwAADb
Disconnected: s2vziph9Ce5iZPsNAADd
Disconnected: _1Ck_z-1PfHY47HeAADf
Disconnected: n64dadHGWII2IzzeAAAH
New connection: ROd0G_BL8zvcgATdAADh
New connection: SmMS_khBZWUG4GhZAADj
Disconnected: SmMS_khBZWUG4GhZAADj
New connection: dkWPTuANsmD0j5lJAADl
Disconnected: dkWPTuANsmD0j5lJAADl
New connection: CLKADR9bWr_MiSr5AADn
Disconnected: CLKADR9bWr_MiSr5AADn
New connection: CraQLcz0cU3fmhXDAADp
Disconnected: CraQLcz0cU3fmhXDAADp
New connection: Dm2JsARDK9avwk8SAADr
Disconnected: Dm2JsARDK9avwk8SAADr
New connection: nREOhDpdM8i9m32GAADt
Disconnected: nREOhDpdM8i9m32GAADt
New connection: B6KUQGfpdEcb7vSZAADv
New connection: ykC0WFyZaDLfud4EAADx
New connection: 6gvy6Tn2ViPDXb57AADz
Disconnected: B6KUQGfpdEcb7vSZAADv
Disconnected: ykC0WFyZaDLfud4EAADx
Disconnected: 6gvy6Tn2ViPDXb57AADz
New connection: Iph9YC-npyyseJS9AAD1
New connection: tz6XMoDkSsN4_l4NAAD3
New connection: nuWo2jQvjhtqhrrYAAD5
Disconnected: Iph9YC-npyyseJS9AAD1
Disconnected: tz6XMoDkSsN4_l4NAAD3
Disconnected: nuWo2jQvjhtqhrrYAAD5
New connection: oUGdb3hZIfeNkZzfAAD7
New connection: sFPWUctzGRiv92vlAAD9
New connection: 5FBZlUgvtaVWTeC9AAD_
Disconnected: oUGdb3hZIfeNkZzfAAD7
Disconnected: sFPWUctzGRiv92vlAAD9
Disconnected: 5FBZlUgvtaVWTeC9AAD_
New connection: hb2ZoFMKAMh4IkKRAAEB
New connection: 8ExsbT3TbbKlnBKgAAED
New connection: oo6Gw4ZXmpD1BVxbAAEF
Disconnected: hb2ZoFMKAMh4IkKRAAEB
Disconnected: 8ExsbT3TbbKlnBKgAAED
Disconnected: oo6Gw4ZXmpD1BVxbAAEF
New connection: cuH_8DmvVQnZ8YShAAEH
New connection: N-CUTFMb9Wl-gjk4AAEJ
New connection: MpwVx1NxJ2lMEgR-AAEL
Disconnected: cuH_8DmvVQnZ8YShAAEH
Disconnected: N-CUTFMb9Wl-gjk4AAEJ
Disconnected: MpwVx1NxJ2lMEgR-AAEL
New connection: vOeeFcB-2PiR5os3AAEN
New connection: QkIKwlmgmcfu7oDWAAEP
New connection: _FLQKvuYvo7dBW-FAAER
Disconnected: vOeeFcB-2PiR5os3AAEN
Disconnected: QkIKwlmgmcfu7oDWAAEP
Disconnected: _FLQKvuYvo7dBW-FAAER
New connection: W9AOLT5WBWw_t4eqAAET
New connection: jG9YYdSTKD8ZJCE3AAEV
New connection: yzJGljaq3uijgu7qAAEX
Disconnected: W9AOLT5WBWw_t4eqAAET
Disconnected: jG9YYdSTKD8ZJCE3AAEV
Disconnected: yzJGljaq3uijgu7qAAEX
New connection: 3RAmA_FfhF8G42Q1AAEZ
New connection: wesyaGLsHtTet59yAAEb
New connection: l1ybYON7swmPbapHAAEd
Disconnected: 3RAmA_FfhF8G42Q1AAEZ
Disconnected: wesyaGLsHtTet59yAAEb
Disconnected: l1ybYON7swmPbapHAAEd
New connection: M5NL_f2t37UFxnakAAEf
New connection: ebZz801mb_mj092CAAEh
New connection: 3bJxTG7raRpJVmXJAAEj
New connection: EiHgdOJe_buRd21jAAEl
New connection: MbORARBdFlKo9KEuAAEn
New connection: EcX5MoOEmjbWrRWpAAEp
New connection: nl-5PQYV44l4NeLRAAEr
New connection: fZ_JpLX-PRJjYbuMAAEt
New connection: RLiVmoM4yLojvbfgAAEv
Disconnected: M5NL_f2t37UFxnakAAEf
Disconnected: ebZz801mb_mj092CAAEh
Disconnected: 3bJxTG7raRpJVmXJAAEj
Disconnected: EiHgdOJe_buRd21jAAEl
Disconnected: MbORARBdFlKo9KEuAAEn
Disconnected: EcX5MoOEmjbWrRWpAAEp
Disconnected: nl-5PQYV44l4NeLRAAEr
Disconnected: fZ_JpLX-PRJjYbuMAAEt
Disconnected: RLiVmoM4yLojvbfgAAEv
New connection: N5hdCXo0l8JuaOC8AAEx
New connection: ilKGMFAM1F92oKe8AAEz
New connection: zgMMIvRgwaR6F48BAAE1
Disconnected: N5hdCXo0l8JuaOC8AAEx
Disconnected: ilKGMFAM1F92oKe8AAEz
Disconnected: zgMMIvRgwaR6F48BAAE1
New connection: q8kkvMfQ902VmFaiAAE3
New connection: 89t_pNXiMEqFhmYqAAE5
New connection: JnFy5Q0pRFwrBPCxAAE7
New connection: pGx6hAmrG1sSlMFGAAE9
Disconnected: q8kkvMfQ902VmFaiAAE3
Disconnected: 89t_pNXiMEqFhmYqAAE5
Disconnected: JnFy5Q0pRFwrBPCxAAE7
Disconnected: pGx6hAmrG1sSlMFGAAE9
New connection: AZz_g_t5hFRLdz9jAAE_
New connection: qEFDGyU-McgUuAWOAAFB
New connection: -zDhZt-09bL__R0sAAFD
New connection: ybz4YHRbOXgQVT2QAAFF
Disconnected: AZz_g_t5hFRLdz9jAAE_
Disconnected: qEFDGyU-McgUuAWOAAFB
Disconnected: -zDhZt-09bL__R0sAAFD
Disconnected: ybz4YHRbOXgQVT2QAAFF
New connection: MA-3kDxuPDHvWzzRAAFH
New connection: LnJmSl3YhlhXz2r2AAFJ
New connection: 1AudfghDLcb1oEpjAAFL
New connection: gJYq5Yqwtcgl6uG2AAFN
Disconnected: MA-3kDxuPDHvWzzRAAFH
Disconnected: LnJmSl3YhlhXz2r2AAFJ
Disconnected: 1AudfghDLcb1oEpjAAFL
Disconnected: gJYq5Yqwtcgl6uG2AAFN
Disconnected: 4Z-b7fkMUHozsAwNAAAE
New connection: 3cgxPYHim_KTuBRoAAFP
Disconnected: ROd0G_BL8zvcgATdAADh
New connection: aG8I0m3gxF1vjVRvAAFR
Disconnected: aG8I0m3gxF1vjVRvAAFR
New connection: TmnIn1t-EwhF9UbGAAFT
